[2022-11-23 17:33:16,406] [util.py:209]               [INFO]     |====================================================================================================|
[2022-11-23 17:33:16,406] [util.py:216]               [INFO]     |                                Popular Movies Collection in Movies                                 |
[2022-11-23 17:33:16,406] [util.py:220]               [INFO]     |====================================================================================================|
[2022-11-23 17:33:16,407] [plex_meta_manager.py:750]  [INFO]     |                                                                                                    |
[2022-11-23 17:33:16,414] [util.py:216]               [INFO]     |=============================== Validating Popular Movies Attributes ===============================|
[2022-11-23 17:33:16,414] [builder.py:389]            [DEBUG]    |                                                                                                    |
[2022-11-23 17:33:16,415] [builder.py:390]            [DEBUG]    | Validating Method: smart_label                                                                     |
[2022-11-23 17:33:16,415] [builder.py:395]            [DEBUG]    | Value: random                                                                                      |
[2022-11-23 17:33:16,415] [builder.py:472]            [DEBUG]    |                                                                                                    |
[2022-11-23 17:33:16,416] [builder.py:473]            [DEBUG]    | Validating Method: sort_title                                                                      |
[2022-11-23 17:33:16,416] [builder.py:474]            [DEBUG]    | Value: 00000b_4                                                                                    |
[2022-11-23 17:33:16,416] [builder.py:472]            [DEBUG]    |                                                                                                    |
[2022-11-23 17:33:16,416] [builder.py:473]            [DEBUG]    | Validating Method: trakt_watched_weekly                                                            |
[2022-11-23 17:33:16,417] [builder.py:474]            [DEBUG]    | Value: 75                                                                                          |
[2022-11-23 17:33:16,417] [builder.py:472]            [DEBUG]    |                                                                                                    |
[2022-11-23 17:33:16,417] [builder.py:473]            [DEBUG]    | Validating Method: summary                                                                         |
[2022-11-23 17:33:16,417] [builder.py:474]            [DEBUG]    | Value: A collection of the most watched movies over the past week.                                 |
[2022-11-23 17:33:16,418] [builder.py:472]            [DEBUG]    |                                                                                                    |
[2022-11-23 17:33:16,418] [builder.py:473]            [DEBUG]    | Validating Method: url_poster                                                                      |
[2022-11-23 17:33:16,418] [builder.py:474]            [DEBUG]    | Value: https://i.imgur.com/WhHiFPX.jpg                                                             |
[2022-11-23 17:33:16,815] [builder.py:619]            [INFO]     |                                                                                                    |
[2022-11-23 17:33:16,815] [builder.py:620]            [INFO]     | Validation Successful                                                                              |
[2022-11-23 17:33:16,819] [plex_meta_manager.py:758]  [INFO]     |                                                                                                    |
[2022-11-23 17:33:16,819] [util.py:216]               [INFO]     |================================ Running Popular Movies Collection =================================|
[2022-11-23 17:33:16,820] [plex_meta_manager.py:773]  [INFO]     |                                                                                                    |
[2022-11-23 17:33:16,820] [plex_meta_manager.py:774]  [INFO]     | Sync Mode: append                                                                                  |
[2022-11-23 17:33:16,820] [builder.py:1275]           [DEBUG]    |                                                                                                    |
[2022-11-23 17:33:16,821] [builder.py:1276]           [DEBUG]    | Builder: trakt_watched_weekly: 75                                                                  |
[2022-11-23 17:33:16,821] [builder.py:1277]           [INFO]     |                                                                                                    |
[2022-11-23 17:33:16,821] [trakt.py:236]              [INFO]     | Processing Trakt Watched Weekly: 75 Movies                                                         |
[2022-11-23 17:33:17,315] [builder.py:1282]           [DEBUG]    |                                                                                                    |
[2022-11-23 17:33:17,316] [builder.py:1283]           [DEBUG]    | 75 IDs Found: [(436270, 'tmdb'), (505642, 'tmdb'), (882598, 'tmdb'), (632856, 'tmdb'), (829280, 'tmdb'), (361743, 'tmdb'), (338958, 'tmdb'), (718930, 'tmdb'), (1013860, 'tmdb'), (800939, 'tmdb'), (668461, 'tmdb'), (49046, 'tmdb'), (10193, 'tmdb'), (664469, 'tmdb'), (619730, 'tmdb'), (724495, 'tmdb'), (979924, 'tmdb'), (833097, 'tmdb'), (842934, 'tmdb'), (862965, 'tmdb'), (616037, 'tmdb'), (966220, 'tmdb'), (929340, 'tmdb'), (913290, 'tmdb'), (928344, 'tmdb'), (457232, 'tmdb'), (823766, 'tmdb'), (299536, 'tmdb'), (593643, 'tmdb'), (634649, 'tmdb'), (829799, 'tmdb'), (19995, 'tmdb'), (284054, 'tmdb'), (762504, 'tmdb'), (551271, 'tmdb'), (414906, 'tmdb'), (507086, 'tmdb'), (293660, 'tmdb'), (663712, 'tmdb'), (985939, 'tmdb'), (1029446, 'tmdb'), (12536, 'tmdb'), (335787, 'tmdb'), (771, 'tmdb'), (541134, 'tmdb'), (360920, 'tmdb'), (802372, 'tmdb'), (438148, 'tmdb'), (671, 'tmdb'), (118340, 'tmdb'), (299534, 'tmdb'), (453395, 'tmdb'), (497582, 'tmdb'), (766475, 'tmdb'), (10719, 'tmdb'), (1726, 'tmdb'), (157336, 'tmdb'), (682507, 'tmdb'), (155, 'tmdb'), (24428, 'tmdb'), (271799, 'tmdb'), (807356, 'tmdb'), (717728, 'tmdb'), (277834, 'tmdb'), (823625, 'tmdb'), (760104, 'tmdb'), (27205, 'tmdb'), (354912, 'tmdb'), (754452, 'tmdb'), (948276, 'tmdb'), (672, 'tmdb'), (545611, 'tmdb'), (120, 'tmdb'), (8871, 'tmdb'), (245891, 'tmdb')] |
[2022-11-23 17:33:17,316] [builder.py:1284]           [DEBUG]    |                                                                                                    |
[2022-11-23 17:33:18,246] [builder.py:1697]           [INFO]     |                                                                                                    |
[2022-11-23 17:33:18,246] [util.py:216]               [INFO]     |=============================== Adding to Popular Movies Collection ================================|
[2022-11-23 17:33:18,247] [builder.py:1699]           [INFO]     |                                                                                                    |
[2022-11-23 17:33:18,827] [builder.py:1709]           [INFO]     |  1/39 | Popular Movies Collection | = | Black Adam (2022)                                          |
[2022-11-23 17:33:18,828] [builder.py:1709]           [INFO]     |  2/39 | Popular Movies Collection | = | Enola Holmes 2 (2022)                                      |
[2022-11-23 17:33:18,828] [builder.py:1709]           [INFO]     |  3/39 | Popular Movies Collection | = | Top Gun: Maverick (2022)                                   |
[2022-11-23 17:33:18,829] [builder.py:1709]           [INFO]     |  4/39 | Popular Movies Collection | = | Toy Story 3 (2010)                                         |
[2022-11-23 17:33:18,829] [builder.py:1709]           [INFO]     |  5/39 | Popular Movies Collection | = | Amsterdam (2022)                                           |
[2022-11-23 17:33:18,830] [builder.py:1709]           [INFO]     |  6/39 | Popular Movies Collection | = | The Woman King (2022)                                      |
[2022-11-23 17:33:18,831] [builder.py:1709]           [INFO]     |  7/39 | Popular Movies Collection | = | Emily the Criminal (2022)                                  |
[2022-11-23 17:33:18,831] [builder.py:1709]           [INFO]     |  8/39 | Popular Movies Collection | = | Barbarian (2022)                                           |
[2022-11-23 17:33:18,832] [builder.py:1709]           [INFO]     |  9/39 | Popular Movies Collection | = | The Wonder (2022)                                          |
[2022-11-23 17:33:18,832] [builder.py:1709]           [INFO]     | 10/39 | Popular Movies Collection | = | Avengers: Infinity War (2018)                              |
[2022-11-23 17:33:18,832] [builder.py:1709]           [INFO]     | 11/39 | Popular Movies Collection | = | Spider-Man: No Way Home (2021)                             |
[2022-11-23 17:33:18,833] [builder.py:1709]           [INFO]     | 12/39 | Popular Movies Collection | = | Avatar (2009)                                              |
[2022-11-23 17:33:18,833] [builder.py:1709]           [INFO]     | 13/39 | Popular Movies Collection | = | Black Panther (2018)                                       |
[2022-11-23 17:33:18,834] [builder.py:1709]           [INFO]     | 14/39 | Popular Movies Collection | = | The Batman (2022)                                          |
[2022-11-23 17:33:18,834] [builder.py:1709]           [INFO]     | 15/39 | Popular Movies Collection | = | Jurassic World: Dominion (2022)                            |
[2022-11-23 17:33:18,834] [builder.py:1709]           [INFO]     | 16/39 | Popular Movies Collection | = | Deadpool (2016)                                            |
[2022-11-23 17:33:18,835] [builder.py:1709]           [INFO]     | 17/39 | Popular Movies Collection | = | Fall (2022)                                                |
[2022-11-23 17:33:18,835] [builder.py:1709]           [INFO]     | 18/39 | Popular Movies Collection | = | Home Alone 4 (2002)                                        |
[2022-11-23 17:33:18,836] [builder.py:1709]           [INFO]     | 19/39 | Popular Movies Collection | = | Uncharted (2022)                                           |
[2022-11-23 17:33:18,836] [builder.py:1709]           [INFO]     | 20/39 | Popular Movies Collection | = | Home Alone (1990)                                          |
[2022-11-23 17:33:18,837] [builder.py:1709]           [INFO]     | 21/39 | Popular Movies Collection | = | Minions: The Rise of Gru (2022)                            |
[2022-11-23 17:33:18,837] [builder.py:1709]           [INFO]     | 22/39 | Popular Movies Collection | = | Harry Potter and the Sorcerer's Stone (2001)               |
[2022-11-23 17:33:18,838] [builder.py:1709]           [INFO]     | 23/39 | Popular Movies Collection | = | Guardians of the Galaxy (2014)                             |
[2022-11-23 17:33:18,838] [builder.py:1709]           [INFO]     | 24/39 | Popular Movies Collection | = | Avengers: Endgame (2019)                                   |
[2022-11-23 17:33:18,838] [builder.py:1709]           [INFO]     | 25/39 | Popular Movies Collection | = | Doctor Strange in the Multiverse of Madness (2022)         |
[2022-11-23 17:33:18,839] [builder.py:1709]           [INFO]     | 26/39 | Popular Movies Collection | = | Enola Holmes (2020)                                        |
[2022-11-23 17:33:18,839] [builder.py:1709]           [INFO]     | 27/39 | Popular Movies Collection | = | Iron Man (2008)                                            |
[2022-11-23 17:33:18,840] [builder.py:1709]           [INFO]     | 28/39 | Popular Movies Collection | = | Interstellar (2014)                                        |
[2022-11-23 17:33:18,840] [builder.py:1709]           [INFO]     | 29/39 | Popular Movies Collection | = | The Dark Knight (2008)                                     |
[2022-11-23 17:33:18,840] [builder.py:1709]           [INFO]     | 30/39 | Popular Movies Collection | = | The Avengers (2012)                                        |
[2022-11-23 17:33:18,841] [builder.py:1709]           [INFO]     | 31/39 | Popular Movies Collection | = | Watcher (2022)                                             |
[2022-11-23 17:33:18,842] [builder.py:1709]           [INFO]     | 32/39 | Popular Movies Collection | = | Moana (2016)                                               |
[2022-11-23 17:33:18,842] [builder.py:1709]           [INFO]     | 33/39 | Popular Movies Collection | = | X (2022)                                                   |
[2022-11-23 17:33:18,843] [builder.py:1709]           [INFO]     | 34/39 | Popular Movies Collection | = | Inception (2010)                                           |
[2022-11-23 17:33:18,843] [builder.py:1709]           [INFO]     | 35/39 | Popular Movies Collection | = | Coco (2017)                                                |
[2022-11-23 17:33:18,843] [builder.py:1709]           [INFO]     | 36/39 | Popular Movies Collection | = | Harry Potter and the Chamber of Secrets (2002)             |
[2022-11-23 17:33:18,844] [builder.py:1709]           [INFO]     | 37/39 | Popular Movies Collection | = | Everything Everywhere All at Once (2022)                   |
[2022-11-23 17:33:18,844] [builder.py:1709]           [INFO]     | 38/39 | Popular Movies Collection | = | The Lord of the Rings: The Fellowship of the Ring (2001)   |
[2022-11-23 17:33:18,845] [builder.py:1709]           [INFO]     | 39/39 | Popular Movies Collection | = | John Wick (2014)                                           |
[2022-11-23 17:33:18,846] [builder.py:1734]           [INFO]     |                                                                                                    |
[2022-11-23 17:33:18,847] [builder.py:1735]           [INFO]     | 39 Movies Processed                                                                                |
[2022-11-23 17:33:18,849] [builder.py:1929]           [INFO]     |                                                                                                    |
[2022-11-23 17:33:18,849] [util.py:216]               [INFO]     |=========================== Missing Movies from Library: Popular Movies ============================|
[2022-11-23 17:33:18,849] [builder.py:1931]           [INFO]     |                                                                                                    |
[2022-11-23 17:33:18,851] [builder.py:1943]           [INFO]     | Popular Movies Collection | ? | Black Panther: Wakanda Forever (2022) (TMDb: 505642)               |
[2022-11-23 17:33:18,853] [builder.py:1943]           [INFO]     | Popular Movies Collection | ? | Smile (2022) (TMDb: 882598)                                        |
[2022-11-23 17:33:18,854] [builder.py:1943]           [INFO]     | Popular Movies Collection | ? | Spirited (2022) (TMDb: 632856)                                     |
[2022-11-23 17:33:18,855] [builder.py:1943]           [INFO]     | Popular Movies Collection | ? | Disenchanted (2022) (TMDb: 338958)                                 |
[2022-11-23 17:33:18,858] [builder.py:1943]           [INFO]     | Popular Movies Collection | ? | Bullet Train (2022) (TMDb: 718930)                                 |
[2022-11-23 17:33:18,858] [builder.py:1943]           [INFO]     | Popular Movies Collection | ? | R.I.P.D. 2: Rise of the Damned (2022) (TMDb: 1013860)              |
[2022-11-23 17:33:18,859] [builder.py:1943]           [INFO]     | Popular Movies Collection | ? | Ticket to Paradise (2022) (TMDb: 800939)                           |
[2022-11-23 17:33:18,860] [builder.py:1943]           [INFO]     | Popular Movies Collection | ? | Slumberland (2022) (TMDb: 668461)                                  |
[2022-11-23 17:33:18,862] [builder.py:1943]           [INFO]     | Popular Movies Collection | ? | All Quiet on the Western Front (2022) (TMDb: 49046)                |
[2022-11-23 17:33:18,864] [builder.py:1943]           [INFO]     | Popular Movies Collection | ? | Don't Worry Darling (2022) (TMDb: 619730)                          |
[2022-11-23 17:33:18,864] [builder.py:1943]           [INFO]     | Popular Movies Collection | ? | On the Line (2022) (TMDb: 979924)                                  |
[2022-11-23 17:33:18,865] [builder.py:1943]           [INFO]     | Popular Movies Collection | ? | Falling for Christmas (2022) (TMDb: 833097)                        |
[2022-11-23 17:33:18,866] [builder.py:1943]           [INFO]     | Popular Movies Collection | ? | Poker Face (2022) (TMDb: 842934)                                   |
[2022-11-23 17:33:18,868] [builder.py:1943]           [INFO]     | Popular Movies Collection | ? | Thor: Love and Thunder (2022) (TMDb: 616037)                       |
[2022-11-23 17:33:18,918] [builder.py:1943]           [INFO]     | Popular Movies Collection | ? | Sniper: The White Raven (2022) (TMDb: 966220)                      |
[2022-11-23 17:33:18,919] [builder.py:1943]           [INFO]     | Popular Movies Collection | ? | A Christmas Story Christmas (2022) (TMDb: 929340)                  |
[2022-11-23 17:33:18,920] [builder.py:1943]           [INFO]     | Popular Movies Collection | ? | Weird: The Al Yankovic Story (2022) (TMDb: 928344)                 |
[2022-11-23 17:33:18,921] [builder.py:1943]           [INFO]     | Popular Movies Collection | ? | Lamborghini: The Man Behind the Legend (2022) (TMDb: 457232)       |
[2022-11-23 17:33:18,922] [builder.py:1943]           [INFO]     | Popular Movies Collection | ? | The Menu (2022) (TMDb: 593643)                                     |
[2022-11-23 17:33:18,922] [builder.py:1943]           [INFO]     | Popular Movies Collection | ? | Paradise City (2022) (TMDb: 829799)                                |
[2022-11-23 17:33:18,924] [builder.py:1943]           [INFO]     | Popular Movies Collection | ? | Nope (2022) (TMDb: 762504)                                         |
[2022-11-23 17:33:18,925] [builder.py:1943]           [INFO]     | Popular Movies Collection | ? | Medieval (2022) (TMDb: 551271)                                     |
[2022-11-23 17:33:18,926] [builder.py:1943]           [INFO]     | Popular Movies Collection | ? | Terrifier 2 (2022) (TMDb: 663712)                                  |
[2022-11-23 17:33:18,955] [builder.py:1943]           [INFO]     | Popular Movies Collection | ? | Selina's Gold (2022) (TMDb: 1029446)                               |
[2022-11-23 17:33:18,957] [builder.py:1943]           [INFO]     | Popular Movies Collection | ? | The Good Nurse (2022) (TMDb: 541134)                               |
[2022-11-23 17:33:18,958] [builder.py:1943]           [INFO]     | Popular Movies Collection | ? | The Grinch (2018) (TMDb: 360920)                                   |
[2022-11-23 17:33:18,959] [builder.py:1943]           [INFO]     | Popular Movies Collection | ? | The People We Hate at the Wedding (2022) (TMDb: 802372)            |
[2022-11-23 17:33:18,960] [builder.py:1943]           [INFO]     | Popular Movies Collection | ? | See How They Run (2022) (TMDb: 766475)                             |
[2022-11-23 17:33:18,962] [builder.py:1943]           [INFO]     | Popular Movies Collection | ? | Elf (2003) (TMDb: 10719)                                           |
[2022-11-23 17:33:18,963] [builder.py:1943]           [INFO]     | Popular Movies Collection | ? | Where the Crawdads Sing (2022) (TMDb: 682507)                      |
[2022-11-23 17:33:18,989] [builder.py:1943]           [INFO]     | Popular Movies Collection | ? | Rise and Fall of a Small Film Company (1986) (TMDb: 271799)        |
[2022-11-23 17:33:18,990] [builder.py:1943]           [INFO]     | Popular Movies Collection | ? | Jeepers Creepers: Reborn (2022) (TMDb: 717728)                     |
[2022-11-23 17:33:19,018] [builder.py:1943]           [INFO]     | Popular Movies Collection | ? | Blacklight (2022) (TMDb: 823625)                                   |
[2022-11-23 17:33:19,019] [builder.py:1943]           [INFO]     | Popular Movies Collection | ? | The Last Manhunt (2022) (TMDb: 754452)                             |
[2022-11-23 17:33:19,020] [builder.py:1943]           [INFO]     | Popular Movies Collection | ? | Lost Bullet 2 (2022) (TMDb: 948276)                                |
[2022-11-23 17:33:19,021] [builder.py:1943]           [INFO]     | Popular Movies Collection | ? | How the Grinch Stole Christmas (2000) (TMDb: 8871)                 |
[2022-11-23 17:33:19,021] [builder.py:1947]           [INFO]     |                                                                                                    |
[2022-11-23 17:33:19,022] [builder.py:1948]           [INFO]     | 36 Movies Missing                                                                                  |
[2022-11-23 17:33:19,067] [builder.py:2147]           [INFO]     |                                                                                                    |
[2022-11-23 17:33:19,067] [util.py:216]               [INFO]     |========================== Updating Details of Popular Movies Collection ===========================|
[2022-11-23 17:33:19,067] [builder.py:2149]           [INFO]     |                                                                                                    |
[2022-11-23 17:33:19,068] [builder.py:2156]           [INFO]     | Detail: summary updated Collection Summary                                                         |
[2022-11-23 17:33:19,068] [builder.py:2258]           [DEBUG]    | 1 posters found:                                                                                   |
[2022-11-23 17:33:19,068] [builder.py:2260]           [DEBUG]    | Method: url_poster Poster: https://i.imgur.com/WhHiFPX.jpg                                         |
[2022-11-23 17:33:19,069] [builder.py:2327]           [INFO]     | No background collection detail or asset folder found                                              |
[2022-11-23 17:40:09,226] [util.py:162]               [DEBUG]    | Traceback (most recent call last):                                                                 |
[2022-11-23 17:40:09,226] [util.py:162]               [DEBUG]    |   File "C:\Plex-Stack\Plex-Meta-Manager\pmm-venv\lib\site-packages\urllib3\connectionpool.py", line 449, in _make_request |
[2022-11-23 17:40:09,226] [util.py:162]               [DEBUG]    |     six.raise_from(e, None)                                                                        |
[2022-11-23 17:40:09,227] [util.py:162]               [DEBUG]    |   File "<string>", line 3, in raise_from                                                           |
[2022-11-23 17:40:09,227] [util.py:162]               [DEBUG]    |   File "C:\Plex-Stack\Plex-Meta-Manager\pmm-venv\lib\site-packages\urllib3\connectionpool.py", line 444, in _make_request |
[2022-11-23 17:40:09,227] [util.py:162]               [DEBUG]    |     httplib_response = conn.getresponse()                                                          |
[2022-11-23 17:40:09,227] [util.py:162]               [DEBUG]    |   File "C:\Users\Jack\AppData\Local\Programs\Python\Python39\lib\http\client.py", line 1377, in getresponse |
[2022-11-23 17:40:09,228] [util.py:162]               [DEBUG]    |     response.begin()                                                                               |
[2022-11-23 17:40:09,228] [util.py:162]               [DEBUG]    |   File "C:\Users\Jack\AppData\Local\Programs\Python\Python39\lib\http\client.py", line 320, in begin |
[2022-11-23 17:40:09,228] [util.py:162]               [DEBUG]    |     version, status, reason = self._read_status()                                                  |
[2022-11-23 17:40:09,228] [util.py:162]               [DEBUG]    |   File "C:\Users\Jack\AppData\Local\Programs\Python\Python39\lib\http\client.py", line 281, in _read_status |
[2022-11-23 17:40:09,228] [util.py:162]               [DEBUG]    |     line = str(self.fp.readline(_MAXLINE + 1), "iso-8859-1")                                       |
[2022-11-23 17:40:09,229] [util.py:162]               [DEBUG]    |   File "C:\Users\Jack\AppData\Local\Programs\Python\Python39\lib\socket.py", line 704, in readinto |
[2022-11-23 17:40:09,229] [util.py:162]               [DEBUG]    |     return self._sock.recv_into(b)                                                                 |
[2022-11-23 17:40:09,229] [util.py:162]               [DEBUG]    | socket.timeout: timed out                                                                          |
[2022-11-23 17:40:09,229] [util.py:162]               [DEBUG]    |                                                                                                    |
[2022-11-23 17:40:09,230] [util.py:162]               [DEBUG]    | During handling of the above exception, another exception occurred:                                |
[2022-11-23 17:40:09,230] [util.py:162]               [DEBUG]    |                                                                                                    |
[2022-11-23 17:40:09,230] [util.py:162]               [DEBUG]    | Traceback (most recent call last):                                                                 |
[2022-11-23 17:40:09,230] [util.py:162]               [DEBUG]    |   File "C:\Plex-Stack\Plex-Meta-Manager\pmm-venv\lib\site-packages\requests\adapters.py", line 440, in send |
[2022-11-23 17:40:09,231] [util.py:162]               [DEBUG]    |     resp = conn.urlopen(                                                                           |
[2022-11-23 17:40:09,231] [util.py:162]               [DEBUG]    |   File "C:\Plex-Stack\Plex-Meta-Manager\pmm-venv\lib\site-packages\urllib3\connectionpool.py", line 785, in urlopen |
[2022-11-23 17:40:09,231] [util.py:162]               [DEBUG]    |     retries = retries.increment(                                                                   |
[2022-11-23 17:40:09,231] [util.py:162]               [DEBUG]    |   File "C:\Plex-Stack\Plex-Meta-Manager\pmm-venv\lib\site-packages\urllib3\util\retry.py", line 550, in increment |
[2022-11-23 17:40:09,231] [util.py:162]               [DEBUG]    |     raise six.reraise(type(error), error, _stacktrace)                                             |
[2022-11-23 17:40:09,232] [util.py:162]               [DEBUG]    |   File "C:\Plex-Stack\Plex-Meta-Manager\pmm-venv\lib\site-packages\urllib3\packages\six.py", line 770, in reraise |
[2022-11-23 17:40:09,232] [util.py:162]               [DEBUG]    |     raise value                                                                                    |
[2022-11-23 17:40:09,232] [util.py:162]               [DEBUG]    |   File "C:\Plex-Stack\Plex-Meta-Manager\pmm-venv\lib\site-packages\urllib3\connectionpool.py", line 703, in urlopen |
[2022-11-23 17:40:09,232] [util.py:162]               [DEBUG]    |     httplib_response = self._make_request(                                                         |
[2022-11-23 17:40:09,232] [util.py:162]               [DEBUG]    |   File "C:\Plex-Stack\Plex-Meta-Manager\pmm-venv\lib\site-packages\urllib3\connectionpool.py", line 451, in _make_request |
[2022-11-23 17:40:09,233] [util.py:162]               [DEBUG]    |     self._raise_timeout(err=e, url=url, timeout_value=read_timeout)                                |
[2022-11-23 17:40:09,233] [util.py:162]               [DEBUG]    |   File "C:\Plex-Stack\Plex-Meta-Manager\pmm-venv\lib\site-packages\urllib3\connectionpool.py", line 340, in _raise_timeout |
[2022-11-23 17:40:09,233] [util.py:162]               [DEBUG]    |     raise ReadTimeoutError(                                                                        |
[2022-11-23 17:40:09,233] [util.py:162]               [DEBUG]    | urllib3.exceptions.ReadTimeoutError: HTTPConnectionPool(host='127.0.0.1', port=32400): Read timed out. (read timeout=60) |
[2022-11-23 17:40:09,233] [util.py:162]               [DEBUG]    |                                                                                                    |
[2022-11-23 17:40:09,234] [util.py:162]               [DEBUG]    | During handling of the above exception, another exception occurred:                                |
[2022-11-23 17:40:09,234] [util.py:162]               [DEBUG]    |                                                                                                    |
[2022-11-23 17:40:09,234] [util.py:162]               [DEBUG]    | Traceback (most recent call last):                                                                 |
[2022-11-23 17:40:09,234] [util.py:162]               [DEBUG]    |   File "C:\Plex-Stack\Plex-Meta-Manager\plex_meta_manager.py", line 828, in run_collection         |
[2022-11-23 17:40:09,235] [util.py:162]               [DEBUG]    |     builder.update_details()                                                                       |
[2022-11-23 17:40:09,235] [util.py:162]               [DEBUG]    |   File "C:\Plex-Stack\Plex-Meta-Manager\modules\builder.py", line 2330, in update_details          |
[2022-11-23 17:40:09,235] [util.py:162]               [DEBUG]    |     self.library.upload_images(self.obj, poster=self.collection_poster, background=self.collection_background) |
[2022-11-23 17:40:09,235] [util.py:162]               [DEBUG]    |   File "C:\Plex-Stack\Plex-Meta-Manager\modules\library.py", line 143, in upload_images            |
[2022-11-23 17:40:09,235] [util.py:162]               [DEBUG]    |     self._upload_image(item, poster)                                                               |
[2022-11-23 17:40:09,236] [util.py:162]               [DEBUG]    |   File "C:\Plex-Stack\Plex-Meta-Manager\pmm-venv\lib\site-packages\retrying.py", line 49, in wrapped_f |
[2022-11-23 17:40:09,236] [util.py:162]               [DEBUG]    |     return Retrying(*dargs, **dkw).call(f, *args, **kw)                                            |
[2022-11-23 17:40:09,236] [util.py:162]               [DEBUG]    |   File "C:\Plex-Stack\Plex-Meta-Manager\pmm-venv\lib\site-packages\retrying.py", line 212, in call |
[2022-11-23 17:40:09,236] [util.py:162]               [DEBUG]    |     raise attempt.get()                                                                            |
[2022-11-23 17:40:09,236] [util.py:162]               [DEBUG]    |   File "C:\Plex-Stack\Plex-Meta-Manager\pmm-venv\lib\site-packages\retrying.py", line 247, in get  |
[2022-11-23 17:40:09,237] [util.py:162]               [DEBUG]    |     six.reraise(self.value[0], self.value[1], self.value[2])                                       |
[2022-11-23 17:40:09,237] [util.py:162]               [DEBUG]    |   File "C:\Plex-Stack\Plex-Meta-Manager\pmm-venv\lib\site-packages\six.py", line 719, in reraise   |
[2022-11-23 17:40:09,237] [util.py:162]               [DEBUG]    |     raise value                                                                                    |
[2022-11-23 17:40:09,237] [util.py:162]               [DEBUG]    |   File "C:\Plex-Stack\Plex-Meta-Manager\pmm-venv\lib\site-packages\retrying.py", line 200, in call |
[2022-11-23 17:40:09,237] [util.py:162]               [DEBUG]    |     attempt = Attempt(fn(*args, **kwargs), attempt_number, False)                                  |
[2022-11-23 17:40:09,238] [util.py:162]               [DEBUG]    |   File "C:\Plex-Stack\Plex-Meta-Manager\modules\plex.py", line 529, in _upload_image               |
[2022-11-23 17:40:09,238] [util.py:162]               [DEBUG]    |     item.uploadPoster(url=image.location)                                                          |
[2022-11-23 17:40:09,238] [util.py:162]               [DEBUG]    |   File "C:\Plex-Stack\Plex-Meta-Manager\pmm-venv\lib\site-packages\plexapi\mixins.py", line 189, in uploadPoster |
[2022-11-23 17:40:09,238] [util.py:162]               [DEBUG]    |     self._server.query(key, method=self._server._session.post)                                     |
[2022-11-23 17:40:09,238] [util.py:162]               [DEBUG]    |   File "C:\Plex-Stack\Plex-Meta-Manager\pmm-venv\lib\site-packages\plexapi\server.py", line 659, in query |
[2022-11-23 17:40:09,239] [util.py:162]               [DEBUG]    |     response = method(url, headers=headers, timeout=timeout, **kwargs)                             |
[2022-11-23 17:40:09,239] [util.py:162]               [DEBUG]    |   File "C:\Plex-Stack\Plex-Meta-Manager\pmm-venv\lib\site-packages\requests\sessions.py", line 577, in post |
[2022-11-23 17:40:09,239] [util.py:162]               [DEBUG]    |     return self.request('POST', url, data=data, json=json, **kwargs)                               |
[2022-11-23 17:40:09,239] [util.py:162]               [DEBUG]    |   File "C:\Plex-Stack\Plex-Meta-Manager\pmm-venv\lib\site-packages\requests\sessions.py", line 529, in request |
[2022-11-23 17:40:09,239] [util.py:162]               [DEBUG]    |     resp = self.send(prep, **send_kwargs)                                                          |
[2022-11-23 17:40:09,240] [util.py:162]               [DEBUG]    |   File "C:\Plex-Stack\Plex-Meta-Manager\pmm-venv\lib\site-packages\requests\sessions.py", line 645, in send |
[2022-11-23 17:40:09,240] [util.py:162]               [DEBUG]    |     r = adapter.send(request, **kwargs)                                                            |
[2022-11-23 17:40:09,240] [util.py:162]               [DEBUG]    |   File "C:\Plex-Stack\Plex-Meta-Manager\pmm-venv\lib\site-packages\requests\adapters.py", line 532, in send |
[2022-11-23 17:40:09,240] [util.py:162]               [DEBUG]    |     raise ReadTimeout(e, request=request)                                                          |
[2022-11-23 17:40:09,241] [util.py:162]               [DEBUG]    | requests.exceptions.ReadTimeout: HTTPConnectionPool(host='127.0.0.1', port=32400): Read timed out. (read timeout=60) |
[2022-11-23 17:40:09,241] [util.py:162]               [DEBUG]    |                                                                                                    |
[2022-11-23 17:40:09,241] [plex_meta_manager.py:877]  [ERROR]    | Unknown Error: HTTPConnectionPool(host='127.0.0.1', port=32400): Read timed out. (read timeout=60) |
[2022-11-23 17:40:09,241] [plex_meta_manager.py:880]  [INFO]     |                                                                                                    |
[2022-11-23 17:40:09,242] [util.py:209]               [INFO]     |====================================================================================================|
[2022-11-23 17:40:09,242] [util.py:216]               [INFO]     |                                 Finished Popular Movies Collection                                 |
[2022-11-23 17:40:09,242] [util.py:216]               [INFO]     |                                    Collection Run Time: 0:06:52                                    |
[2022-11-23 17:40:09,243] [util.py:220]               [INFO]     |====================================================================================================|
