[2022-10-25 01:51:02,844] [util.py:209]               [INFO]     |====================================================================================================|
[2022-10-25 01:51:02,844] [util.py:216]               [INFO]     |                                   Disney+ Collection in TV Shows                                   |
[2022-10-25 01:51:02,845] [util.py:220]               [INFO]     |====================================================================================================|
[2022-10-25 01:51:02,845] [plex_meta_manager.py:750]  [INFO]     |                                                                                                    |
[2022-10-25 01:51:02,845] [util.py:216]               [INFO]     |================================== Validating Disney+ Attributes ===================================|
[2022-10-25 01:51:02,846] [builder.py:265]            [DEBUG]    |                                                                                                    |
[2022-10-25 01:51:02,846] [builder.py:266]            [DEBUG]    | Validating Method: template                                                                        |
[2022-10-25 01:51:02,846] [meta.py:83]                [DEBUG]    | Value: ordereddict([('name', 'network'), ('network', '2739, 2919'), ('poster', 'https://theposterdb.com/api/assets/120939')]) |
[2022-10-25 01:51:02,846] [builder.py:330]            [DEBUG]    |                                                                                                    |
[2022-10-25 01:51:02,847] [builder.py:331]            [DEBUG]    | Validating Method: sync_mode                                                                       |
[2022-10-25 01:51:02,847] [builder.py:335]            [DEBUG]    | Value: sync                                                                                        |
[2022-10-25 01:51:02,847] [builder.py:453]            [DEBUG]    |                                                                                                    |
[2022-10-25 01:51:02,847] [builder.py:454]            [DEBUG]    | Validating Method: collection_order                                                                |
[2022-10-25 01:51:02,847] [builder.py:455]            [DEBUG]    | Value: alpha                                                                                       |
[2022-10-25 01:51:02,848] [builder.py:472]            [DEBUG]    |                                                                                                    |
[2022-10-25 01:51:02,848] [builder.py:473]            [DEBUG]    | Validating Method: tmdb_network                                                                    |
[2022-10-25 01:51:02,848] [builder.py:474]            [DEBUG]    | Value: 2739, 2919                                                                                  |
[2022-10-25 01:51:03,132] [builder.py:472]            [DEBUG]    |                                                                                                    |
[2022-10-25 01:51:03,133] [builder.py:473]            [DEBUG]    | Validating Method: url_poster                                                                      |
[2022-10-25 01:51:03,133] [builder.py:474]            [DEBUG]    | Value: https://theposterdb.com/api/assets/120939                                                   |
[2022-10-25 01:51:03,133] [builder.py:472]            [DEBUG]    |                                                                                                    |
[2022-10-25 01:51:03,134] [builder.py:473]            [DEBUG]    | Validating Method: sort_title                                                                      |
[2022-10-25 01:51:03,134] [builder.py:474]            [DEBUG]    | Value: +2_Disney+                                                                                  |
[2022-10-25 01:51:03,220] [builder.py:619]            [INFO]     |                                                                                                    |
[2022-10-25 01:51:03,221] [builder.py:620]            [INFO]     | Validation Successful                                                                              |
[2022-10-25 01:51:03,221] [plex_meta_manager.py:758]  [INFO]     |                                                                                                    |
[2022-10-25 01:51:03,221] [util.py:216]               [INFO]     |==================================== Running Disney+ Collection ====================================|
[2022-10-25 01:51:03,221] [plex_meta_manager.py:773]  [INFO]     |                                                                                                    |
[2022-10-25 01:51:03,222] [plex_meta_manager.py:774]  [INFO]     | Sync Mode: sync                                                                                    |
[2022-10-25 01:51:03,222] [builder.py:1275]           [DEBUG]    |                                                                                                    |
[2022-10-25 01:51:03,222] [builder.py:1276]           [DEBUG]    | Builder: tmdb_network: 2739                                                                        |
[2022-10-25 01:51:03,222] [builder.py:1277]           [INFO]     |                                                                                                    |
[2022-10-25 01:51:04,865] [tmdb.py:280]               [INFO]     | Processing TMDb Network: (2739) Disney+ (260 Shows)                                                |
[2022-10-25 01:51:04,866] [builder.py:1282]           [DEBUG]    |                                                                                                    |
[2022-10-25 01:51:04,866] [builder.py:1283]           [DEBUG]    | 260 IDs Found: [(92783, 'tmdb_show'), (83867, 'tmdb_show'), (92749, 'tmdb_show'), (128384, 'tmdb_show'), (84958, 'tmdb_show'), (114502, 'tmdb_show'), (88329, 'tmdb_show'), (92782, 'tmdb_show'), (92830, 'tmdb_show'), (82856, 'tmdb_show'), (115036, 'tmdb_show'), (85271, 'tmdb_show'), (4194, 'tmdb_show'), (88396, 'tmdb_show'), (114138, 'tmdb_show'), (196749, 'tmdb_show'), (91363, 'tmdb_show'), (114695, 'tmdb_show'), (203741, 'tmdb_show'), (114466, 'tmdb_show'), (96716, 'tmdb_show'), (85801, 'tmdb_show'), (90461, 'tmdb_show'), (1508, 'tmdb_show'), (158307, 'tmdb_show'), (114621, 'tmdb_show'), (118924, 'tmdb_show'), (105971, 'tmdb_show'), (97186, 'tmdb_show'), (136135, 'tmdb_show'), (115304, 'tmdb_show'), (120734, 'tmdb_show'), (114503, 'tmdb_show'), (130372, 'tmdb_show'), (36189, 'tmdb_show'), (104359, 'tmdb_show'), (202017, 'tmdb_show'), (114501, 'tmdb_show'), (138505, 'tmdb_show'), (200945, 'tmdb_show'), (114465, 'tmdb_show'), (203085, 'tmdb_show'), (109930, 'tmdb_show'), (114478, 'tmdb_show'), (101978, 'tmdb_show'), (103540, 'tmdb_show'), (122053, 'tmdb_show'), (103465, 'tmdb_show'), (204070, 'tmdb_show'), (93786, 'tmdb_show'), (135895, 'tmdb_show'), (114463, 'tmdb_show'), (157161, 'tmdb_show'), (127241, 'tmdb_show'), (156866, 'tmdb_show'), (96715, 'tmdb_show'), (135894, 'tmdb_show'), (127700, 'tmdb_show'), (114472, 'tmdb_show'), (210229, 'tmdb_show'), (155631, 'tmdb_show'), (210345, 'tmdb_show'), (137872, 'tmdb_show'), (94761, 'tmdb_show'), (128876, 'tmdb_show'), (202018, 'tmdb_show'), (202555, 'tmdb_show'), (115996, 'tmdb_show'), (102693, 'tmdb_show'), (126484, 'tmdb_show'), (125438, 'tmdb_show'), (92807, 'tmdb_show'), (134297, 'tmdb_show'), (114471, 'tmdb_show'), (93268, 'tmdb_show'), (118906, 'tmdb_show'), (157202, 'tmdb_show'), (111837, 'tmdb_show'), (198109, 'tmdb_show'), (114505, 'tmdb_show'), (122226, 'tmdb_show'), (114461, 'tmdb_show'), (114841, 'tmdb_show'), (138501, 'tmdb_show'), (92824, 'tmdb_show'), (131836, 'tmdb_show'), (95029, 'tmdb_show'), (202188, 'tmdb_show'), (100802, 'tmdb_show'), (98566, 'tmdb_show'), (130996, 'tmdb_show'), (201897, 'tmdb_show'), (137871, 'tmdb_show'), (102847, 'tmdb_show'), (95339, 'tmdb_show'), (138503, 'tmdb_show'), (114105, 'tmdb_show'), (129902, 'tmdb_show'), (201285, 'tmdb_show'), (94883, 'tmdb_show'), (106899, 'tmdb_show'), (95313, 'tmdb_show'), (138502, 'tmdb_show'), (158900, 'tmdb_show'), (95738, 'tmdb_show'), (95731, 'tmdb_show'), (157215, 'tmdb_show'), (105157, 'tmdb_show'), (202210, 'tmdb_show'), (135211, 'tmdb_show'), (103822, 'tmdb_show'), (119060, 'tmdb_show'), (95432, 'tmdb_show'), (157210, 'tmdb_show'), (115991, 'tmdb_show'), (211301, 'tmdb_show'), (92524, 'tmdb_show'), (124965, 'tmdb_show'), (111442, 'tmdb_show'), (95632, 'tmdb_show'), (137437, 'tmdb_show'), (119026, 'tmdb_show'), (208336, 'tmdb_show'), (119063, 'tmdb_show'), (111815, 'tmdb_show'), (102845, 'tmdb_show'), (101699, 'tmdb_show'), (119069, 'tmdb_show'), (157205, 'tmdb_show'), (117985, 'tmdb_show'), (118904, 'tmdb_show'), (204667, 'tmdb_show'), (112804, 'tmdb_show'), (124958, 'tmdb_show'), (114480, 'tmdb_show'), (156837, 'tmdb_show'), (104287, 'tmdb_show'), (128188, 'tmdb_show'), (195292, 'tmdb_show'), (114479, 'tmdb_show'), (133637, 'tmdb_show'), (126794, 'tmdb_show'), (198189, 'tmdb_show'), (135615, 'tmdb_show'), (156868, 'tmdb_show'), (124734, 'tmdb_show'), (114464, 'tmdb_show'), (137043, 'tmdb_show'), (110119, 'tmdb_show'), (114462, 'tmdb_show'), (210213, 'tmdb_show'), (204332, 'tmdb_show'), (107634, 'tmdb_show'), (99874, 'tmdb_show'), (114476, 'tmdb_show'), (112486, 'tmdb_show'), (157004, 'tmdb_show'), (126485, 'tmdb_show'), (112514, 'tmdb_show'), (201838, 'tmdb_show'), (202209, 'tmdb_show'), (113879, 'tmdb_show'), (212423, 'tmdb_show'), (212294, 'tmdb_show'), (204136, 'tmdb_show'), (202998, 'tmdb_show'), (197454, 'tmdb_show'), (125462, 'tmdb_show'), (198178, 'tmdb_show'), (153577, 'tmdb_show'), (127573, 'tmdb_show'), (208851, 'tmdb_show'), (105229, 'tmdb_show'), (158520, 'tmdb_show'), (99884, 'tmdb_show'), (196214, 'tmdb_show'), (157160, 'tmdb_show'), (155592, 'tmdb_show'), (120907, 'tmdb_show'), (113129, 'tmdb_show'), (205179, 'tmdb_show'), (135720, 'tmdb_show'), (112132, 'tmdb_show'), (101097, 'tmdb_show'), (204353, 'tmdb_show'), (112605, 'tmdb_show'), (202879, 'tmdb_show'), (210315, 'tmdb_show'), (114500, 'tmdb_show'), (157569, 'tmdb_show'), (202162, 'tmdb_show'), (121183, 'tmdb_show'), (201076, 'tmdb_show'), (157204, 'tmdb_show'), (138764, 'tmdb_show'), (157212, 'tmdb_show'), (208920, 'tmdb_show'), (202187, 'tmdb_show'), (137430, 'tmdb_show'), (119064, 'tmdb_show'), (114481, 'tmdb_show'), (131835, 'tmdb_show'), (122047, 'tmdb_show'), (114024, 'tmdb_show'), (194573, 'tmdb_show'), (156929, 'tmdb_show'), (202208, 'tmdb_show'), (114820, 'tmdb_show'), (212250, 'tmdb_show'), (211036, 'tmdb_show'), (211020, 'tmdb_show'), (210704, 'tmdb_show'), (208921, 'tmdb_show'), (207311, 'tmdb_show'), (206800, 'tmdb_show'), (206017, 'tmdb_show'), (205482, 'tmdb_show'), (205210, 'tmdb_show'), (204640, 'tmdb_show'), (204362, 'tmdb_show'), (204324, 'tmdb_show'), (204137, 'tmdb_show'), (204135, 'tmdb_show'), (203749, 'tmdb_show'), (202782, 'tmdb_show'), (202360, 'tmdb_show'), (202212, 'tmdb_show'), (202190, 'tmdb_show'), (201203, 'tmdb_show'), (197294, 'tmdb_show'), (196308, 'tmdb_show'), (158902, 'tmdb_show'), (157211, 'tmdb_show'), (157207, 'tmdb_show'), (157201, 'tmdb_show'), (157200, 'tmdb_show'), (157199, 'tmdb_show'), (157198, 'tmdb_show'), (157197, 'tmdb_show'), (157195, 'tmdb_show'), (157194, 'tmdb_show'), (156616, 'tmdb_show'), (156610, 'tmdb_show'), (155683, 'tmdb_show'), (153784, 'tmdb_show'), (153272, 'tmdb_show'), (138498, 'tmdb_show'), (138492, 'tmdb_show'), (137062, 'tmdb_show'), (136522, 'tmdb_show'), (136396, 'tmdb_show'), (135240, 'tmdb_show'), (132503, 'tmdb_show'), (131433, 'tmdb_show'), (119130, 'tmdb_show'), (119068, 'tmdb_show'), (119066, 'tmdb_show'), (115999, 'tmdb_show'), (114023, 'tmdb_show'), (47907, 'tmdb_show')] |
[2022-10-25 01:51:04,866] [builder.py:1284]           [DEBUG]    |                                                                                                    |
[2022-10-25 01:51:05,075] [builder.py:1361]           [ERROR]    | Convert Error: No TVDb ID Found for TMDb ID: 114465                                                |
[2022-10-25 01:51:05,191] [builder.py:1361]           [ERROR]    | Convert Error: No TVDb ID Found for TMDb ID: 210229                                                |
[2022-10-25 01:51:05,313] [builder.py:1361]           [ERROR]    | Convert Error: No TVDb ID Found for TMDb ID: 210345                                                |
[2022-10-25 01:51:05,574] [builder.py:1361]           [ERROR]    | Convert Error: No TVDb ID Found for TMDb ID: 202188                                                |
[2022-10-25 01:51:05,693] [builder.py:1361]           [ERROR]    | Convert Error: No TVDb ID Found for TMDb ID: 201897                                                |
[2022-10-25 01:51:05,872] [builder.py:1361]           [ERROR]    | Convert Error: No TVDb ID Found for TMDb ID: 157215                                                |
[2022-10-25 01:51:06,008] [builder.py:1361]           [ERROR]    | Convert Error: No TVDb ID Found for TMDb ID: 105157                                                |
[2022-10-25 01:51:06,126] [builder.py:1361]           [ERROR]    | Convert Error: No TVDb ID Found for TMDb ID: 211301                                                |
[2022-10-25 01:51:06,251] [builder.py:1361]           [ERROR]    | Convert Error: No TVDb ID Found for TMDb ID: 208336                                                |
[2022-10-25 01:51:06,380] [builder.py:1361]           [ERROR]    | Convert Error: No TVDb ID Found for TMDb ID: 157205                                                |
[2022-10-25 01:51:06,492] [builder.py:1361]           [ERROR]    | Convert Error: No TVDb ID Found for TMDb ID: 117985                                                |
[2022-10-25 01:51:56,655] [util.py:162]               [DEBUG]    | Traceback (most recent call last):                                                                 |
[2022-10-25 01:51:56,656] [util.py:162]               [DEBUG]    |   File "C:\Plex-Stack\Plex-Meta-Manager\pmm-venv\lib\site-packages\requests\models.py", line 910, in json |
[2022-10-25 01:51:56,656] [util.py:162]               [DEBUG]    |     return complexjson.loads(self.text, **kwargs)                                                  |
[2022-10-25 01:51:56,656] [util.py:162]               [DEBUG]    |   File "C:\Users\Jack\AppData\Local\Programs\Python\Python39\lib\json\__init__.py", line 346, in loads |
[2022-10-25 01:51:56,656] [util.py:162]               [DEBUG]    |     return _default_decoder.decode(s)                                                              |
[2022-10-25 01:51:56,656] [util.py:162]               [DEBUG]    |   File "C:\Users\Jack\AppData\Local\Programs\Python\Python39\lib\json\decoder.py", line 337, in decode |
[2022-10-25 01:51:56,657] [util.py:162]               [DEBUG]    |     obj, end = self.raw_decode(s, idx=_w(s, 0).end())                                              |
[2022-10-25 01:51:56,657] [util.py:162]               [DEBUG]    |   File "C:\Users\Jack\AppData\Local\Programs\Python\Python39\lib\json\decoder.py", line 355, in raw_decode |
[2022-10-25 01:51:56,657] [util.py:162]               [DEBUG]    |     raise JSONDecodeError("Expecting value", s, err.value) from None                               |
[2022-10-25 01:51:56,657] [util.py:162]               [DEBUG]    | json.decoder.JSONDecodeError: Expecting value: line 1 column 1 (char 0)                            |
[2022-10-25 01:51:56,658] [util.py:162]               [DEBUG]    |                                                                                                    |
[2022-10-25 01:51:56,658] [util.py:162]               [DEBUG]    | During handling of the above exception, another exception occurred:                                |
[2022-10-25 01:51:56,658] [util.py:162]               [DEBUG]    |                                                                                                    |
[2022-10-25 01:51:56,658] [util.py:162]               [DEBUG]    | Traceback (most recent call last):                                                                 |
[2022-10-25 01:51:56,659] [util.py:162]               [DEBUG]    |   File "C:\Plex-Stack\Plex-Meta-Manager\plex_meta_manager.py", line 783, in run_collection         |
[2022-10-25 01:51:56,659] [util.py:162]               [DEBUG]    |     builder.find_rating_keys()                                                                     |
[2022-10-25 01:51:56,659] [util.py:162]               [DEBUG]    |   File "C:\Plex-Stack\Plex-Meta-Manager\modules\builder.py", line 1359, in find_rating_keys        |
[2022-10-25 01:51:56,659] [util.py:162]               [DEBUG]    |     input_id = self.config.Convert.tmdb_to_tvdb(input_id, fail=True)                               |
[2022-10-25 01:51:56,660] [util.py:162]               [DEBUG]    |   File "C:\Plex-Stack\Plex-Meta-Manager\modules\convert.py", line 149, in tmdb_to_tvdb             |
[2022-10-25 01:51:56,660] [util.py:162]               [DEBUG]    |     tvdb_id = self.config.TMDb.convert_from(tmdb_id, "tvdb_id", False)                             |
[2022-10-25 01:51:56,660] [util.py:162]               [DEBUG]    |   File "C:\Plex-Stack\Plex-Meta-Manager\pmm-venv\lib\site-packages\retrying.py", line 49, in wrapped_f |
[2022-10-25 01:51:56,660] [util.py:162]               [DEBUG]    |     return Retrying(*dargs, **dkw).call(f, *args, **kw)                                            |
[2022-10-25 01:51:56,661] [util.py:162]               [DEBUG]    |   File "C:\Plex-Stack\Plex-Meta-Manager\pmm-venv\lib\site-packages\retrying.py", line 212, in call |
[2022-10-25 01:51:56,661] [util.py:162]               [DEBUG]    |     raise attempt.get()                                                                            |
[2022-10-25 01:51:56,661] [util.py:162]               [DEBUG]    |   File "C:\Plex-Stack\Plex-Meta-Manager\pmm-venv\lib\site-packages\retrying.py", line 247, in get  |
[2022-10-25 01:51:56,661] [util.py:162]               [DEBUG]    |     six.reraise(self.value[0], self.value[1], self.value[2])                                       |
[2022-10-25 01:51:56,661] [util.py:162]               [DEBUG]    |   File "C:\Plex-Stack\Plex-Meta-Manager\pmm-venv\lib\site-packages\six.py", line 719, in reraise   |
[2022-10-25 01:51:56,662] [util.py:162]               [DEBUG]    |     raise value                                                                                    |
[2022-10-25 01:51:56,662] [util.py:162]               [DEBUG]    |   File "C:\Plex-Stack\Plex-Meta-Manager\pmm-venv\lib\site-packages\retrying.py", line 200, in call |
[2022-10-25 01:51:56,662] [util.py:162]               [DEBUG]    |     attempt = Attempt(fn(*args, **kwargs), attempt_number, False)                                  |
[2022-10-25 01:51:56,662] [util.py:162]               [DEBUG]    |   File "C:\Plex-Stack\Plex-Meta-Manager\modules\tmdb.py", line 91, in convert_from                 |
[2022-10-25 01:51:56,663] [util.py:162]               [DEBUG]    |     id_to_return = self.Movie.external_ids(tmdb_id)[convert_to] if is_movie else self.TV.external_ids(tmdb_id)[convert_to] |
[2022-10-25 01:51:56,663] [util.py:162]               [DEBUG]    |   File "C:\Plex-Stack\Plex-Meta-Manager\pmm-venv\lib\site-packages\tmdbv3api\objs\tv.py", line 149, in external_ids |
[2022-10-25 01:51:56,663] [util.py:162]               [DEBUG]    |     self._call(self._urls["external_ids"] % (str(id)), ""), None                                   |
[2022-10-25 01:51:56,663] [util.py:162]               [DEBUG]    |   File "C:\Plex-Stack\Plex-Meta-Manager\pmm-venv\lib\site-packages\tmdbv3api\tmdb.py", line 156, in _call |
[2022-10-25 01:51:56,664] [util.py:162]               [DEBUG]    |     json = req.json()                                                                              |
[2022-10-25 01:51:56,664] [util.py:162]               [DEBUG]    |   File "C:\Plex-Stack\Plex-Meta-Manager\pmm-venv\lib\site-packages\requests\models.py", line 917, in json |
[2022-10-25 01:51:56,664] [util.py:162]               [DEBUG]    |     raise RequestsJSONDecodeError(e.msg, e.doc, e.pos)                                             |
[2022-10-25 01:51:56,664] [util.py:162]               [DEBUG]    | requests.exceptions.JSONDecodeError: [Errno Expecting value] : 0                                   |
[2022-10-25 01:51:56,664] [util.py:162]               [DEBUG]    |                                                                                                    |
[2022-10-25 01:51:56,665] [plex_meta_manager.py:877]  [ERROR]    | Unknown Error: [Errno Expecting value] : 0                                                         |
[2022-10-25 01:51:56,665] [plex_meta_manager.py:880]  [INFO]     |                                                                                                    |
[2022-10-25 01:51:56,665] [util.py:209]               [INFO]     |====================================================================================================|
[2022-10-25 01:51:56,666] [util.py:216]               [INFO]     |                                    Finished Disney+ Collection                                     |
[2022-10-25 01:51:56,666] [util.py:216]               [INFO]     |                                    Collection Run Time: 0:00:53                                    |
[2022-10-25 01:51:56,666] [util.py:220]               [INFO]     |====================================================================================================|
