[2022-10-28 01:27:37,633] [util.py:209]               [INFO]     |====================================================================================================|
[2022-10-28 01:27:37,634] [util.py:216]               [INFO]     |                                     AMC Collection in TV Shows                                     |
[2022-10-28 01:27:37,634] [util.py:220]               [INFO]     |====================================================================================================|
[2022-10-28 01:27:37,635] [plex_meta_manager.py:750]  [INFO]     |                                                                                                    |
[2022-10-28 01:27:37,635] [util.py:216]               [INFO]     |==================================== Validating AMC Attributes =====================================|
[2022-10-28 01:27:37,635] [builder.py:265]            [DEBUG]    |                                                                                                    |
[2022-10-28 01:27:37,635] [builder.py:266]            [DEBUG]    | Validating Method: template                                                                        |
[2022-10-28 01:27:37,636] [meta.py:83]                [DEBUG]    | Value: ordereddict([('name', 'network'), ('network', '174, 4661'), ('poster', 'https://theposterdb.com/api/assets/104445')]) |
[2022-10-28 01:27:37,636] [builder.py:330]            [DEBUG]    |                                                                                                    |
[2022-10-28 01:27:37,636] [builder.py:331]            [DEBUG]    | Validating Method: sync_mode                                                                       |
[2022-10-28 01:27:37,636] [builder.py:335]            [DEBUG]    | Value: sync                                                                                        |
[2022-10-28 01:27:37,637] [builder.py:453]            [DEBUG]    |                                                                                                    |
[2022-10-28 01:27:37,637] [builder.py:454]            [DEBUG]    | Validating Method: collection_order                                                                |
[2022-10-28 01:27:37,637] [builder.py:455]            [DEBUG]    | Value: alpha                                                                                       |
[2022-10-28 01:27:37,637] [builder.py:472]            [DEBUG]    |                                                                                                    |
[2022-10-28 01:27:37,637] [builder.py:473]            [DEBUG]    | Validating Method: tmdb_network                                                                    |
[2022-10-28 01:27:37,638] [builder.py:474]            [DEBUG]    | Value: 174, 4661                                                                                   |
[2022-10-28 01:27:37,887] [builder.py:472]            [DEBUG]    |                                                                                                    |
[2022-10-28 01:27:37,887] [builder.py:473]            [DEBUG]    | Validating Method: url_poster                                                                      |
[2022-10-28 01:27:37,887] [builder.py:474]            [DEBUG]    | Value: https://theposterdb.com/api/assets/104445                                                   |
[2022-10-28 01:27:37,888] [builder.py:472]            [DEBUG]    |                                                                                                    |
[2022-10-28 01:27:37,888] [builder.py:473]            [DEBUG]    | Validating Method: sort_title                                                                      |
[2022-10-28 01:27:37,888] [builder.py:474]            [DEBUG]    | Value: +2_AMC                                                                                      |
[2022-10-28 01:27:37,949] [builder.py:619]            [INFO]     |                                                                                                    |
[2022-10-28 01:27:37,950] [builder.py:620]            [INFO]     | Validation Successful                                                                              |
[2022-10-28 01:27:37,951] [plex_meta_manager.py:758]  [INFO]     |                                                                                                    |
[2022-10-28 01:27:37,951] [util.py:216]               [INFO]     |====================================== Running AMC Collection ======================================|
[2022-10-28 01:27:37,951] [plex_meta_manager.py:773]  [INFO]     |                                                                                                    |
[2022-10-28 01:27:37,952] [plex_meta_manager.py:774]  [INFO]     | Sync Mode: sync                                                                                    |
[2022-10-28 01:27:37,952] [builder.py:1275]           [DEBUG]    |                                                                                                    |
[2022-10-28 01:27:37,952] [builder.py:1276]           [DEBUG]    | Builder: tmdb_network: 174                                                                         |
[2022-10-28 01:27:37,952] [builder.py:1277]           [INFO]     |                                                                                                    |
[2022-10-28 01:27:38,516] [tmdb.py:280]               [INFO]     | Processing TMDb Network: (174) AMC (74 Shows)                                                      |
[2022-10-28 01:27:38,517] [builder.py:1282]           [DEBUG]    |                                                                                                    |
[2022-10-28 01:27:38,517] [builder.py:1283]           [DEBUG]    | 74 IDs Found: [(1402, 'tmdb_show'), (1396, 'tmdb_show'), (62286, 'tmdb_show'), (60059, 'tmdb_show'), (136248, 'tmdb_show'), (129035, 'tmdb_show'), (94305, 'tmdb_show'), (42021, 'tmdb_show'), (1104, 'tmdb_show'), (64230, 'tmdb_show'), (194583, 'tmdb_show'), (1401, 'tmdb_show'), (128098, 'tmdb_show'), (47450, 'tmdb_show'), (75191, 'tmdb_show'), (34415, 'tmdb_show'), (90746, 'tmdb_show'), (85273, 'tmdb_show'), (42004, 'tmdb_show'), (59659, 'tmdb_show'), (67232, 'tmdb_show'), (208071, 'tmdb_show'), (57276, 'tmdb_show'), (100771, 'tmdb_show'), (80925, 'tmdb_show'), (79005, 'tmdb_show'), (83181, 'tmdb_show'), (81241, 'tmdb_show'), (20056, 'tmdb_show'), (79003, 'tmdb_show'), (99652, 'tmdb_show'), (62336, 'tmdb_show'), (31319, 'tmdb_show'), (10479, 'tmdb_show'), (66316, 'tmdb_show'), (128904, 'tmdb_show'), (30892, 'tmdb_show'), (75262, 'tmdb_show'), (98657, 'tmdb_show'), (90306, 'tmdb_show'), (11481, 'tmdb_show'), (68010, 'tmdb_show'), (65664, 'tmdb_show'), (47323, 'tmdb_show'), (66402, 'tmdb_show'), (129536, 'tmdb_show'), (102832, 'tmdb_show'), (66737, 'tmdb_show'), (207863, 'tmdb_show'), (28902, 'tmdb_show'), (28026, 'tmdb_show'), (94902, 'tmdb_show'), (105839, 'tmdb_show'), (123987, 'tmdb_show'), (119492, 'tmdb_show'), (91497, 'tmdb_show'), (194741, 'tmdb_show'), (56880, 'tmdb_show'), (46873, 'tmdb_show'), (11084, 'tmdb_show'), (43706, 'tmdb_show'), (119518, 'tmdb_show'), (210239, 'tmdb_show'), (80071, 'tmdb_show'), (59526, 'tmdb_show'), (56240, 'tmdb_show'), (46772, 'tmdb_show'), (35123, 'tmdb_show'), (30089, 'tmdb_show'), (25078, 'tmdb_show'), (23653, 'tmdb_show'), (22886, 'tmdb_show'), (17414, 'tmdb_show'), (15526, 'tmdb_show')] |
[2022-10-28 01:27:38,517] [builder.py:1284]           [DEBUG]    |                                                                                                    |
[2022-10-28 01:27:38,689] [builder.py:1361]           [ERROR]    | Convert Error: No TVDb ID Found for TMDb ID: 129035                                                |
[2022-10-28 01:27:38,806] [builder.py:1361]           [ERROR]    | Convert Error: No TVDb ID Found for TMDb ID: 208071                                                |
[2022-10-28 01:27:38,937] [builder.py:1361]           [ERROR]    | Convert Error: No TVDb ID Found for TMDb ID: 65664                                                 |
[2022-10-28 01:27:39,064] [builder.py:1361]           [ERROR]    | Convert Error: No TVDb ID Found for TMDb ID: 28902                                                 |
[2022-10-28 01:27:39,066] [builder.py:1361]           [ERROR]    | Convert Error: No TVDb ID Found for TMDb ID: 123987                                                |
[2022-10-28 01:27:39,162] [builder.py:1361]           [ERROR]    | Convert Error: No TVDb ID Found for TMDb ID: 119492                                                |
[2022-10-28 01:27:39,266] [builder.py:1361]           [ERROR]    | Convert Error: No TVDb ID Found for TMDb ID: 91497                                                 |
[2022-10-28 01:27:39,371] [builder.py:1361]           [ERROR]    | Convert Error: No TVDb ID Found for TMDb ID: 119518                                                |
[2022-10-28 01:27:39,478] [builder.py:1361]           [ERROR]    | Convert Error: No TVDb ID Found for TMDb ID: 210239                                                |
[2022-10-28 01:27:39,624] [builder.py:1361]           [ERROR]    | Convert Error: No TVDb ID Found for TMDb ID: 56240                                                 |
[2022-10-28 01:28:29,777] [util.py:162]               [DEBUG]    | Traceback (most recent call last):                                                                 |
[2022-10-28 01:28:29,777] [util.py:162]               [DEBUG]    |   File "C:\Plex-Stack\Plex-Meta-Manager\pmm-venv\lib\site-packages\requests\models.py", line 910, in json |
[2022-10-28 01:28:29,777] [util.py:162]               [DEBUG]    |     return complexjson.loads(self.text, **kwargs)                                                  |
[2022-10-28 01:28:29,777] [util.py:162]               [DEBUG]    |   File "C:\Users\Jack\AppData\Local\Programs\Python\Python39\lib\json\__init__.py", line 346, in loads |
[2022-10-28 01:28:29,778] [util.py:162]               [DEBUG]    |     return _default_decoder.decode(s)                                                              |
[2022-10-28 01:28:29,778] [util.py:162]               [DEBUG]    |   File "C:\Users\Jack\AppData\Local\Programs\Python\Python39\lib\json\decoder.py", line 337, in decode |
[2022-10-28 01:28:29,778] [util.py:162]               [DEBUG]    |     obj, end = self.raw_decode(s, idx=_w(s, 0).end())                                              |
[2022-10-28 01:28:29,778] [util.py:162]               [DEBUG]    |   File "C:\Users\Jack\AppData\Local\Programs\Python\Python39\lib\json\decoder.py", line 355, in raw_decode |
[2022-10-28 01:28:29,779] [util.py:162]               [DEBUG]    |     raise JSONDecodeError("Expecting value", s, err.value) from None                               |
[2022-10-28 01:28:29,779] [util.py:162]               [DEBUG]    | json.decoder.JSONDecodeError: Expecting value: line 1 column 1 (char 0)                            |
[2022-10-28 01:28:29,779] [util.py:162]               [DEBUG]    |                                                                                                    |
[2022-10-28 01:28:29,779] [util.py:162]               [DEBUG]    | During handling of the above exception, another exception occurred:                                |
[2022-10-28 01:28:29,779] [util.py:162]               [DEBUG]    |                                                                                                    |
[2022-10-28 01:28:29,780] [util.py:162]               [DEBUG]    | Traceback (most recent call last):                                                                 |
[2022-10-28 01:28:29,780] [util.py:162]               [DEBUG]    |   File "C:\Plex-Stack\Plex-Meta-Manager\plex_meta_manager.py", line 783, in run_collection         |
[2022-10-28 01:28:29,780] [util.py:162]               [DEBUG]    |     builder.find_rating_keys()                                                                     |
[2022-10-28 01:28:29,780] [util.py:162]               [DEBUG]    |   File "C:\Plex-Stack\Plex-Meta-Manager\modules\builder.py", line 1359, in find_rating_keys        |
[2022-10-28 01:28:29,781] [util.py:162]               [DEBUG]    |     input_id = self.config.Convert.tmdb_to_tvdb(input_id, fail=True)                               |
[2022-10-28 01:28:29,781] [util.py:162]               [DEBUG]    |   File "C:\Plex-Stack\Plex-Meta-Manager\modules\convert.py", line 149, in tmdb_to_tvdb             |
[2022-10-28 01:28:29,781] [util.py:162]               [DEBUG]    |     tvdb_id = self.config.TMDb.convert_from(tmdb_id, "tvdb_id", False)                             |
[2022-10-28 01:28:29,781] [util.py:162]               [DEBUG]    |   File "C:\Plex-Stack\Plex-Meta-Manager\pmm-venv\lib\site-packages\retrying.py", line 49, in wrapped_f |
[2022-10-28 01:28:29,782] [util.py:162]               [DEBUG]    |     return Retrying(*dargs, **dkw).call(f, *args, **kw)                                            |
[2022-10-28 01:28:29,782] [util.py:162]               [DEBUG]    |   File "C:\Plex-Stack\Plex-Meta-Manager\pmm-venv\lib\site-packages\retrying.py", line 212, in call |
[2022-10-28 01:28:29,782] [util.py:162]               [DEBUG]    |     raise attempt.get()                                                                            |
[2022-10-28 01:28:29,782] [util.py:162]               [DEBUG]    |   File "C:\Plex-Stack\Plex-Meta-Manager\pmm-venv\lib\site-packages\retrying.py", line 247, in get  |
[2022-10-28 01:28:29,782] [util.py:162]               [DEBUG]    |     six.reraise(self.value[0], self.value[1], self.value[2])                                       |
[2022-10-28 01:28:29,783] [util.py:162]               [DEBUG]    |   File "C:\Plex-Stack\Plex-Meta-Manager\pmm-venv\lib\site-packages\six.py", line 719, in reraise   |
[2022-10-28 01:28:29,783] [util.py:162]               [DEBUG]    |     raise value                                                                                    |
[2022-10-28 01:28:29,783] [util.py:162]               [DEBUG]    |   File "C:\Plex-Stack\Plex-Meta-Manager\pmm-venv\lib\site-packages\retrying.py", line 200, in call |
[2022-10-28 01:28:29,783] [util.py:162]               [DEBUG]    |     attempt = Attempt(fn(*args, **kwargs), attempt_number, False)                                  |
[2022-10-28 01:28:29,783] [util.py:162]               [DEBUG]    |   File "C:\Plex-Stack\Plex-Meta-Manager\modules\tmdb.py", line 91, in convert_from                 |
[2022-10-28 01:28:29,784] [util.py:162]               [DEBUG]    |     id_to_return = self.Movie.external_ids(tmdb_id)[convert_to] if is_movie else self.TV.external_ids(tmdb_id)[convert_to] |
[2022-10-28 01:28:29,784] [util.py:162]               [DEBUG]    |   File "C:\Plex-Stack\Plex-Meta-Manager\pmm-venv\lib\site-packages\tmdbv3api\objs\tv.py", line 149, in external_ids |
[2022-10-28 01:28:29,784] [util.py:162]               [DEBUG]    |     self._call(self._urls["external_ids"] % (str(id)), ""), None                                   |
[2022-10-28 01:28:29,784] [util.py:162]               [DEBUG]    |   File "C:\Plex-Stack\Plex-Meta-Manager\pmm-venv\lib\site-packages\tmdbv3api\tmdb.py", line 156, in _call |
[2022-10-28 01:28:29,784] [util.py:162]               [DEBUG]    |     json = req.json()                                                                              |
[2022-10-28 01:28:29,785] [util.py:162]               [DEBUG]    |   File "C:\Plex-Stack\Plex-Meta-Manager\pmm-venv\lib\site-packages\requests\models.py", line 917, in json |
[2022-10-28 01:28:29,785] [util.py:162]               [DEBUG]    |     raise RequestsJSONDecodeError(e.msg, e.doc, e.pos)                                             |
[2022-10-28 01:28:29,785] [util.py:162]               [DEBUG]    | requests.exceptions.JSONDecodeError: [Errno Expecting value] : 0                                   |
[2022-10-28 01:28:29,785] [util.py:162]               [DEBUG]    |                                                                                                    |
[2022-10-28 01:28:29,785] [plex_meta_manager.py:877]  [ERROR]    | Unknown Error: [Errno Expecting value] : 0                                                         |
[2022-10-28 01:28:29,786] [plex_meta_manager.py:880]  [INFO]     |                                                                                                    |
[2022-10-28 01:28:29,786] [util.py:209]               [INFO]     |====================================================================================================|
[2022-10-28 01:28:29,786] [util.py:216]               [INFO]     |                                      Finished AMC Collection                                       |
[2022-10-28 01:28:29,787] [util.py:216]               [INFO]     |                                    Collection Run Time: 0:00:52                                    |
[2022-10-28 01:28:29,787] [util.py:220]               [INFO]     |====================================================================================================|
